C:\Program Files (x86)\Microsoft Visual Studio\2019\Community\MSBuild\Microsoft\VC\v160\Microsoft.CppBuild.targets(438,5): warning MSB8004: Output Directory does not end with a trailing slash.  This build instance will add the slash as it is required to allow proper evaluation of the Output Directory.
  soloud_monotone.cpp
  soloud_openmpt.cpp
  soloud_sfxr.cpp
  darray.cpp
  klatt.cpp
  resonator.cpp
  soloud_speech.cpp
  tts.cpp
  sid.cpp
  soloud_tedsid.cpp
  ted.cpp
  soloud_vic.cpp
  soloud_vizsn.cpp
  dr_impl.cpp
  soloud_wav.cpp
  soloud_wavstream.cpp
  c1xx: fatal error C1083: Cannot open source file: '..\..\src\audiosource\monotone\soloud_monotone.cpp': No such file or directory
  c1xx: fatal error C1083: Cannot open source file: '..\..\src\audiosource\openmpt\soloud_openmpt.cpp': No such file or directory
  c1xx: fatal error C1083: Cannot open source file: '..\..\src\audiosource\speech\darray.cpp': No such file or directory
  c1xx: fatal error C1083: Cannot open source file: '..\..\src\audiosource\speech\klatt.cpp': No such file or directory
  c1xx: fatal error C1083: Cannot open source file: '..\..\src\audiosource\sfxr\soloud_sfxr.cpp': No such file or directory
  c1xx: fatal error C1083: Cannot open source file: '..\..\src\audiosource\speech\soloud_speech.cpp': No such file or directory
  c1xx: fatal error C1083: Cannot open source file: '..\..\src\audiosource\speech\resonator.cpp': No such file or directory
  c1xx: fatal error C1083: Cannot open source file: '..\..\src\audiosource\speech\tts.cpp': No such file or directory
  c1xx: fatal error C1083: Cannot open source file: '..\..\src\audiosource\wav\soloud_wavstream.cpp': No such file or directory
  c1xx: fatal error C1083: Cannot open source file: '..\..\src\audiosource\vizsn\soloud_vizsn.cpp': No such file or directory
  c1xx: fatal error C1083: Cannot open source file: '..\..\src\audiosource\tedsid\soloud_tedsid.cpp': No such file or directory
  c1xx: fatal error C1083: Cannot open source file: '..\..\src\audiosource\wav\soloud_wav.cpp': No such file or directory
  c1xx: fatal error C1083: Cannot open source file: '..\..\src\audiosource\vic\soloud_vic.cpp': No such file or directory
  c1xx: fatal error C1083: Cannot open source file: '..\..\src\audiosource\tedsid\ted.cpp': No such file or directory
  c1xx: fatal error C1083: Cannot open source file: '..\..\src\audiosource\tedsid\sid.cpp': No such file or directory
  c1xx: fatal error C1083: Cannot open source file: '..\..\src\audiosource\wav\dr_impl.cpp': No such file or directory
  soloud_bassboostfilter.cpp
  soloud_biquadresonantfilter.cpp
  soloud_dcremovalfilter.cpp
  soloud_echofilter.cpp
  soloud_fftfilter.cpp
  soloud_flangerfilter.cpp
  soloud_lofifilter.cpp
  soloud_robotizefilter.cpp
  soloud_waveshaperfilter.cpp
  soloud.cpp
  soloud_audiosource.cpp
  soloud_bus.cpp
  soloud_core_3d.cpp
  soloud_core_basicops.cpp
  soloud_core_faderops.cpp
  soloud_core_filterops.cpp
  c1xx: fatal error C1083: Cannot open source file: '..\..\src\filter\soloud_echofilter.cpp': No such file or directory
  c1xx: fatal error C1083: Cannot open source file: '..\..\src\filter\soloud_waveshaperfilter.cpp': No such file or directory
  c1xx: fatal error C1083: Cannot open source file: '..\..\src\filter\soloud_bassboostfilter.cpp': No such file or directory
  c1xx: fatal error C1083: Cannot open source file: '..\..\src\core\soloud_core_faderops.cpp': No such file or directory
  c1xx: fatal error C1083: Cannot open source file: '..\..\src\filter\soloud_dcremovalfilter.cpp': No such file or directory
  c1xx: fatal error C1083: Cannot open source file: '..\..\src\core\soloud_core_3d.cpp': No such file or directory
  soloud_core_getters.cpp
  soloud_core_setters.cpp
  soloud_core_voicegroup.cpp
  c1xx: fatal error C1083: Cannot open source file: '..\..\src\filter\soloud_fftfilter.cpp': No such file or directory
  c1xx: fatal error C1083: Cannot open source file: '..\..\src\core\soloud_bus.cpp': No such file or directory
  soloud_core_voiceops.cpp
  soloud_fader.cpp
  soloud_fft.cpp
  soloud_fft_lut.cpp
  c1xx: fatal error C1083: Cannot open source file: '..\..\src\filter\soloud_flangerfilter.cpp': No such file or directory
  soloud_file.cpp
  c1xx: fatal error C1083: Cannot open source file: '..\..\src\filter\soloud_biquadresonantfilter.cpp': No such file or directory
  soloud_filter.cpp
  soloud_queue.cpp
  c1xx: fatal error C1083: Cannot open source file: '..\..\src\filter\soloud_robotizefilter.cpp': No such file or directory
  c1xx: fatal error C1083: Cannot open source file: '..\..\src\filter\soloud_lofifilter.cpp': No such file or directory
  c1xx: fatal error C1083: Cannot open source file: '..\..\src\core\soloud_core_basicops.cpp': No such file or directory
  c1xx: fatal error C1083: Cannot open source file: '..\..\src\core\soloud_audiosource.cpp': No such file or directory
  c1xx: fatal error C1083: Cannot open source file: '..\..\src\core\soloud.cpp': No such file or directory
  soloud_thread.cpp
  soloud_winmm.cpp
  soloud_null.cpp
  c1xx: fatal error C1083: Cannot open source file: '..\..\src\core\soloud_core_filterops.cpp': No such file or directory
  c1xx: fatal error C1083: Cannot open source file: '..\..\src\core\soloud_core_setters.cpp': No such file or directory
  c1xx: fatal error C1083: Cannot open source file: '..\..\src\core\soloud_core_voicegroup.cpp': No such file or directory
  c1xx: fatal error C1083: Cannot open source file: '..\..\src\core\soloud_fft.cpp': No such file or directory
  c1xx: fatal error C1083: Cannot open source file: '..\..\src\core\soloud_core_voiceops.cpp': No such file or directory
  c1xx: fatal error C1083: Cannot open source file: '..\..\src\core\soloud_fft_lut.cpp': No such file or directory
  c1xx: fatal error C1083: Cannot open source file: '..\..\src\core\soloud_core_getters.cpp': No such file or directory
  c1xx: fatal error C1083: Cannot open source file: '..\..\src\core\soloud_fader.cpp': No such file or directory
  c1xx: fatal error C1083: Cannot open source file: '..\..\src\core\soloud_file.cpp': No such file or directory
  c1xx: fatal error C1083: Cannot open source file: '..\..\src\core\soloud_queue.cpp': No such file or directory
  c1xx: fatal error C1083: Cannot open source file: '..\..\src\core\soloud_filter.cpp': No such file or directory
  c1xx: fatal error C1083: Cannot open source file: '..\..\src\backend\null\soloud_null.cpp': No such file or directory
  c1xx: fatal error C1083: Cannot open source file: '..\..\src\core\soloud_thread.cpp': No such file or directory
  c1xx: fatal error C1083: Cannot open source file: '..\..\src\backend\winmm\soloud_winmm.cpp': No such file or directory
C:\Program Files (x86)\Microsoft Visual Studio\2019\Community\MSBuild\Microsoft\VC\v160\Microsoft.CppCommon.targets(429,5): error MSB6006: "CL.exe" exited with code 2.
